


ARM Macro Assembler    Page 1 


    1 00000000                 AREA             ADD,CODE,READONLY
    2 00000000         START
    3 00000000 E3A00101        LDR              R0,=0X40000000
    4 00000004 E3A0D000        MOV              R13,#0X00
    5 00000008 E5D01000        LDRB             R1,[R0]
    6 0000000C E5F02001        LDRB             R2,[R0,#0X01]!
    7 00000010 E3A03000        MOV              R3, #0X00
    8 00000014 E1A04001        MOV              R4,R1
    9 00000018 E1530004 
                       CHK     CMP              R3,R4
   10 0000001C CA00000A        BGT              ENDL
   11 00000020 E0835004        ADD              R5,R3,R4
   12 00000024 E1A050A5        LSR              R5,#1
   13 00000028 E7906005        LDR              R6,[R0,R5]
   14 0000002C E1560002        CMP              R6,R2
   15 00000030 AA000001        BGE              HE
   16 00000034 E2853001        ADD              R3,R5,#0X01
   17 00000038 EAFFFFF6        B                CHK
   18 0000003C 0A000001 
                       HE      BEQ              FOUND
   19 00000040 E2454001        SUB              R4,R5,#0X01
   20 00000044 EAFFFFF3        B                CHK
   21 00000048 E3A0D011 
                       FOUND   MOV              R13,#0X11
   22 0000004C         ENDL
   23 0000004C EAFFFFFE 
                       L       B                L
   24 00000050         
                       
Command Line: --debug --xref --apcs=interwork --depend=.\fibo.d -o.\fibo.o -IC:
\Keil\ARM\RV31\INC -IC:\Keil\ARM\CMSIS\Include -IC:\Keil\ARM\Inc\Philips --pred
efine="__EVAL SETA 1" --list=.\fibo.lst fibo.s



ARM Macro Assembler    Page 1 Alphabetic symbol ordering
Relocatable symbols

ADD 00000000

Symbol: ADD
   Definitions
      At line 1 in file fibo.s
   Uses
      None
Comment: ADD unused
CHK 00000018

Symbol: CHK
   Definitions
      At line 9 in file fibo.s
   Uses
      At line 17 in file fibo.s
      At line 20 in file fibo.s

ENDL 0000004C

Symbol: ENDL
   Definitions
      At line 22 in file fibo.s
   Uses
      At line 10 in file fibo.s
Comment: ENDL used once
FOUND 00000048

Symbol: FOUND
   Definitions
      At line 21 in file fibo.s
   Uses
      At line 18 in file fibo.s
Comment: FOUND used once
HE 0000003C

Symbol: HE
   Definitions
      At line 18 in file fibo.s
   Uses
      At line 15 in file fibo.s
Comment: HE used once
L 0000004C

Symbol: L
   Definitions
      At line 23 in file fibo.s
   Uses
      At line 23 in file fibo.s
Comment: L used once
START 00000000

Symbol: START
   Definitions
      At line 2 in file fibo.s
   Uses
      None
Comment: START unused
7 symbols
338 symbols in table
